#
# There is insufficient memory for the Java Runtime Environment to continue.
# Native memory allocation (malloc) failed to allocate 32744 bytes for ChunkPool::allocate
# Possible reasons:
#   The system is out of physical RAM or swap space
#   In 32 bit mode, the process size limit was hit
# Possible solutions:
#   Reduce memory load on the system
#   Increase physical memory or swap space
#   Check if swap backing store is full
#   Use 64 bit Java on a 64 bit OS
#   Decrease Java heap size (-Xmx/-Xms)
#   Decrease number of Java threads
#   Decrease Java thread stack sizes (-Xss)
#   Set larger code cache with -XX:ReservedCodeCacheSize=
# This output file may be truncated or incomplete.
#
#  Out of Memory Error (allocation.cpp:273), pid=28280, tid=0x0000000000007a94
#
# JRE version: OpenJDK Runtime Environment (8.0_152-b01) (build 1.8.0_152-release-1343-b01)
# Java VM: OpenJDK 64-Bit Server VM (25.152-b01 mixed mode windows-amd64 compressed oops)
# Failed to write core dump. Minidumps are not enabled by default on client versions of Windows
#

---------------  T H R E A D  ---------------

Current thread (0x0000000018ac1000):  JavaThread "C1 CompilerThread2" daemon [_thread_in_native, id=31380, stack(0x00000000192b0000,0x00000000193b0000)]

Stack: [0x00000000192b0000,0x00000000193b0000]
[error occurred during error reporting (printing stack bounds), id 0xc0000005]

Native frames: (J=compiled Java code, j=interpreted, Vv=VM code, C=native code)


Current CompileTask:
C1:6185191 23149       2       com.android.tools.r8.org.objectweb.asm.ClassReader::readMethod (1047 bytes)


---------------  P R O C E S S  ---------------

Java Threads: ( => current thread )
  0x0000000019c35800 JavaThread "Cache worker for Java compile cache (G:\yiuhet\AndroidDemo\.gradle\5.1.1\javaCompile)" [_thread_blocked, id=3272, stack(0x0000000035700000,0x0000000035800000)]
  0x0000000019c32800 JavaThread "Cache worker for Java compile cache (C:\Users\yiuhet\.gradle\caches\5.1.1\javaCompile)" [_thread_blocked, id=16104, stack(0x0000000035600000,0x0000000035700000)]
  0x0000000019c2e800 JavaThread "stdout" daemon [_thread_in_native, id=35144, stack(0x0000000035500000,0x0000000035600000)]
  0x0000000019c34800 JavaThread "stderr" daemon [_thread_in_native, id=35772, stack(0x0000000035400000,0x0000000035500000)]
  0x0000000019c34000 JavaThread "stdout" daemon [_thread_in_native, id=25856, stack(0x0000000035300000,0x0000000035400000)]
  0x0000000019c2c800 JavaThread "stderr" daemon [_thread_in_native, id=11048, stack(0x0000000035200000,0x0000000035300000)]
  0x0000000019c33000 JavaThread "stdout" daemon [_thread_in_native, id=35596, stack(0x0000000035100000,0x0000000035200000)]
  0x0000000019c2b800 JavaThread "stderr" daemon [_thread_in_native, id=34920, stack(0x0000000035000000,0x0000000035100000)]
  0x0000000019c2e000 JavaThread "pool-36-thread-1" [_thread_blocked, id=35240, stack(0x0000000034f00000,0x0000000035000000)]
  0x0000000021dae800 JavaThread "Cache worker for execution history cache (G:\yiuhet\AndroidDemo\.gradle\5.1.1\executionHistory)" [_thread_blocked, id=28476, stack(0x0000000034b00000,0x0000000034c00000)]
  0x0000000021dae000 JavaThread "Execution worker for ':' Thread 3" [_thread_in_vm, id=11512, stack(0x0000000034a00000,0x0000000034b00000)]
  0x0000000021daf800 JavaThread "Execution worker for ':' Thread 2" [_thread_blocked, id=20604, stack(0x0000000034900000,0x0000000034a00000)]
  0x0000000021dad000 JavaThread "Execution worker for ':'" [_thread_in_Java, id=27296, stack(0x0000000034800000,0x0000000034900000)]
  0x0000000021da5800 JavaThread "Cache worker for file content cache (G:\yiuhet\AndroidDemo\.gradle\5.1.1\fileContent)" [_thread_blocked, id=35748, stack(0x0000000034700000,0x0000000034800000)]
  0x0000000021da9000 JavaThread "Cache worker for Build Output Cleanup Cache (G:\yiuhet\AndroidDemo\.gradle\buildOutputCleanup)" [_thread_blocked, id=6248, stack(0x0000000034600000,0x0000000034700000)]
  0x0000000021dac000 JavaThread "pool-35-thread-1" [_thread_blocked, id=35060, stack(0x0000000034500000,0x0000000034600000)]
  0x0000000021dab800 JavaThread "Build operations Thread 4" [_thread_blocked, id=10180, stack(0x0000000034400000,0x0000000034500000)]
  0x0000000021da6000 JavaThread "Build operations Thread 3" [_thread_blocked, id=32596, stack(0x0000000034300000,0x0000000034400000)]
  0x0000000021da4800 JavaThread "Build operations Thread 2" [_thread_blocked, id=18776, stack(0x0000000034200000,0x0000000034300000)]
  0x0000000021daa800 JavaThread "Build operations" [_thread_blocked, id=33468, stack(0x0000000034100000,0x0000000034200000)]
  0x0000000021daa000 JavaThread "Cache worker for cache directory md-rule (C:\Users\yiuhet\.gradle\caches\5.1.1\md-rule)" [_thread_blocked, id=20204, stack(0x0000000034000000,0x0000000034100000)]
  0x0000000021da8800 JavaThread "Cache worker for cache directory md-supplier (C:\Users\yiuhet\.gradle\caches\5.1.1\md-supplier)" [_thread_blocked, id=20656, stack(0x0000000033f00000,0x0000000034000000)]
  0x0000000021da1000 JavaThread "Cache worker for file hash cache (G:\yiuhet\AndroidDemo\.gradle\5.1.1\fileHashes)" [_thread_blocked, id=29864, stack(0x0000000033e00000,0x0000000033f00000)]
  0x0000000021da4000 JavaThread "Thread-193" [_thread_blocked, id=28448, stack(0x0000000033d00000,0x0000000033e00000)]
  0x0000000021da7800 JavaThread "Stdin handler" [_thread_blocked, id=21684, stack(0x0000000033c00000,0x0000000033d00000)]
  0x0000000021da3000 JavaThread "Asynchronous log dispatcher for DefaultDaemonConnection: socket connection from /127.0.0.1:4654 to /127.0.0.1:10790" [_thread_blocked, id=32056, stack(0x0000000033b00000,0x0000000033c00000)]
  0x0000000021da7000 JavaThread "Cancel handler" [_thread_blocked, id=35068, stack(0x0000000033a00000,0x0000000033b00000)]
  0x0000000021da2800 JavaThread "Handler for socket connection from /127.0.0.1:4654 to /127.0.0.1:10790" [_thread_in_native, id=22280, stack(0x0000000033900000,0x0000000033a00000)]
  0x000000001a988000 JavaThread "Cache worker for file content cache (C:\Users\yiuhet\.gradle\caches\5.1.1\fileContent)" [_thread_blocked, id=13620, stack(0x0000000032100000,0x0000000032200000)]
  0x0000000019c31800 JavaThread "Daemon worker Thread 7" [_thread_in_native, id=33768, stack(0x0000000031400000,0x0000000031500000)]
  0x0000000019c29800 JavaThread "Daemon Thread 7" [_thread_blocked, id=31620, stack(0x0000000031100000,0x0000000031200000)]
  0x0000000019c30000 JavaThread "Memory manager" [_thread_blocked, id=21900, stack(0x0000000024300000,0x0000000024400000)]
  0x000000001a986800 JavaThread "Cache worker for execution history cache (C:\Users\yiuhet\.gradle\caches\5.1.1\executionHistory)" [_thread_blocked, id=14096, stack(0x0000000020ce0000,0x0000000020de0000)]
  0x000000001a989800 JavaThread "Cache worker for journal cache (C:\Users\yiuhet\.gradle\caches\journal-1)" [_thread_blocked, id=30664, stack(0x000000001bd80000,0x000000001be80000)]
  0x000000001a98a000 JavaThread "File lock request listener" [_thread_in_native, id=13424, stack(0x000000001bb80000,0x000000001bc80000)]
  0x000000001aa66000 JavaThread "Cache worker for file hash cache (C:\Users\yiuhet\.gradle\caches\5.1.1\fileHashes)" [_thread_blocked, id=23092, stack(0x000000001ba80000,0x000000001bb80000)]
  0x000000001a8ae000 JavaThread "Daemon periodic checks" [_thread_blocked, id=21052, stack(0x000000001b080000,0x000000001b180000)]
  0x000000001a799000 JavaThread "Incoming local TCP Connector on port 4654" [_thread_in_native, id=24608, stack(0x000000001af80000,0x000000001b080000)]
  0x0000000018ae6000 JavaThread "Service Thread" daemon [_thread_blocked, id=9180, stack(0x00000000193b0000,0x00000000194b0000)]
=>0x0000000018ac1000 JavaThread "C1 CompilerThread2" daemon [_thread_in_native, id=31380, stack(0x00000000192b0000,0x00000000193b0000)]
  0x000000001637c800 JavaThread "C2 CompilerThread1" daemon [_thread_in_native, id=31480, stack(0x00000000191b0000,0x00000000192b0000)]
  0x0000000016378800 JavaThread "C2 CompilerThread0" daemon [_thread_in_native, id=25528, stack(0x00000000190b0000,0x00000000191b0000)]
  0x0000000016377800 JavaThread "Attach Listener" daemon [_thread_blocked, id=21064, stack(0x0000000018fb0000,0x00000000190b0000)]
  0x0000000016334800 JavaThread "Signal Dispatcher" daemon [_thread_blocked, id=27824, stack(0x0000000018eb0000,0x0000000018fb0000)]
  0x00000000029ab800 JavaThread "Finalizer" daemon [_thread_blocked, id=26268, stack(0x0000000017570000,0x0000000017670000)]
  0x00000000029a0800 JavaThread "Reference Handler" daemon [_thread_blocked, id=10028, stack(0x0000000017470000,0x0000000017570000)]
  0x00000000028b2800 JavaThread "main" [_thread_blocked, id=34748, stack(0x00000000026e0000,0x00000000027e0000)]

Other Threads:
  0x00000000162e7000 VMThread [stack: 0x0000000017370000,0x0000000017470000] [id=27192]
  0x0000000018ae7000 WatcherThread [stack: 0x00000000194b0000,0x00000000195b0000] [id=32336]

VM state:not at safepoint (normal execution)

VM Mutex/Monitor currently owned by a thread: None

Heap:
 PSYoungGen      total 374784K, used 235460K [0x00000000e0000000, 0x00000000f9f00000, 0x0000000100000000)
  eden space 348672K, 62% used [0x00000000e0000000,0x00000000ed4252b0,0x00000000f5480000)
  from space 26112K, 69% used [0x00000000f5480000,0x00000000f664bf80,0x00000000f6e00000)
  to   space 26624K, 0% used [0x00000000f8500000,0x00000000f8500000,0x00000000f9f00000)
 ParOldGen       total 168960K, used 49825K [0x00000000a0000000, 0x00000000aa500000, 0x00000000e0000000)
  object space 168960K, 29% used [0x00000000a0000000,0x00000000a30a8790,0x00000000aa500000)
 Metaspace       used 97289K, capacity 100712K, committed 104472K, reserved 1140736K
  class space    used 11897K, capacity 12500K, committed 13352K, reserved 1048576K

Card table byte_map: [0x0000000011d70000,0x0000000012080000] byte_map_base: 0x0000000011870000

Marking Bits: (ParMarkBitMap*) 0x000000006e725aa0
 Begin Bits: [0x0000000012680000, 0x0000000013e80000)
 End Bits:   [0x0000000013e80000, 0x0000000015680000)

Polling page: 0x00000000009a0000

CodeCache: size=245760Kb used=67158Kb max_used=67356Kb free=178601Kb
 bounds [0x00000000029b0000, 0x0000000006bf0000, 0x00000000119b0000]
 total_blobs=19508 nmethods=18582 adapters=837
 compilation: enabled

Compilation events (10 events):
Event: 6185.174 Thread 0x0000000018ac1000 nmethod 23143 0x00000000061c9690 code [0x00000000061c9800, 0x00000000061c99a8]
Event: 6185.175 Thread 0x0000000018ac1000 23144       2       com.android.tools.r8.com.google.common.base.Preconditions::checkNotNull (14 bytes)
Event: 6185.175 Thread 0x0000000018ac1000 nmethod 23144 0x0000000004543ed0 code [0x0000000004544040, 0x0000000004544228]
Event: 6185.176 Thread 0x0000000018ac1000 23145       2       com.android.tools.r8.graph.KeyedDexItem::<init> (5 bytes)
Event: 6185.176 Thread 0x0000000018ac1000 nmethod 23145 0x00000000061c9290 code [0x00000000061c93e0, 0x00000000061c9530]
Event: 6185.176 Thread 0x0000000018ac1000 23146       2       com.android.tools.r8.com.google.common.base.Equivalence::wrap (11 bytes)
Event: 6185.177 Thread 0x0000000018ac1000 nmethod 23146 0x00000000056d6890 code [0x00000000056d6a00, 0x00000000056d6c88]
Event: 6185.177 Thread 0x0000000018ac1000 23147       2       com.android.tools.r8.com.google.common.base.Equivalence$Wrapper::<init> (7 bytes)
Event: 6185.177 Thread 0x0000000018ac1000 nmethod 23147 0x0000000006164a90 code [0x0000000006164c00, 0x0000000006164e28]
Event: 6185.177 Thread 0x0000000018ac1000 23149       2       com.android.tools.r8.org.objectweb.asm.ClassReader::readMethod (1047 bytes)

GC Heap History (10 events):
Event: 3535.575 GC heap before
{Heap before GC invocations=23 (full 3):
 PSYoungGen      total 368128K, used 361210K [0x00000000e0000000, 0x00000000fab00000, 0x0000000100000000)
  eden space 340992K, 100% used [0x00000000e0000000,0x00000000f4d00000,0x00000000f4d00000)
  from space 27136K, 74% used [0x00000000f4d00000,0x00000000f60bea48,0x00000000f6780000)
  to   space 27648K, 0% used [0x00000000f9000000,0x00000000f9000000,0x00000000fab00000)
 ParOldGen       total 168960K, used 71646K [0x00000000a0000000, 0x00000000aa500000, 0x00000000e0000000)
  object space 168960K, 42% used [0x00000000a0000000,0x00000000a45f79f8,0x00000000aa500000)
 Metaspace       used 88172K, capacity 93554K, committed 93592K, reserved 1130496K
  class space    used 11196K, capacity 12168K, committed 12200K, reserved 1048576K
Event: 3535.607 GC heap after
Heap after GC invocations=23 (full 3):
 PSYoungGen      total 394240K, used 7594K [0x00000000e0000000, 0x00000000fa380000, 0x0000000100000000)
  eden space 374272K, 0% used [0x00000000e0000000,0x00000000e0000000,0x00000000f6d80000)
  from space 19968K, 38% used [0x00000000f9000000,0x00000000f976a9b0,0x00000000fa380000)
  to   space 27648K, 0% used [0x00000000f6d80000,0x00000000f6d80000,0x00000000f8880000)
 ParOldGen       total 168960K, used 71654K [0x00000000a0000000, 0x00000000aa500000, 0x00000000e0000000)
  object space 168960K, 42% used [0x00000000a0000000,0x00000000a45f99f8,0x00000000aa500000)
 Metaspace       used 88172K, capacity 93554K, committed 93592K, reserved 1130496K
  class space    used 11196K, capacity 12168K, committed 12200K, reserved 1048576K
}
Event: 6122.839 GC heap before
{Heap before GC invocations=24 (full 3):
 PSYoungGen      total 394240K, used 381866K [0x00000000e0000000, 0x00000000fa380000, 0x0000000100000000)
  eden space 374272K, 100% used [0x00000000e0000000,0x00000000f6d80000,0x00000000f6d80000)
  from space 19968K, 38% used [0x00000000f9000000,0x00000000f976a9b0,0x00000000fa380000)
  to   space 27648K, 0% used [0x00000000f6d80000,0x00000000f6d80000,0x00000000f8880000)
 ParOldGen       total 168960K, used 71654K [0x00000000a0000000, 0x00000000aa500000, 0x00000000e0000000)
  object space 168960K, 42% used [0x00000000a0000000,0x00000000a45f99f8,0x00000000aa500000)
 Metaspace       used 90037K, capacity 95774K, committed 96024K, reserved 1132544K
  class space    used 11399K, capacity 12459K, committed 12584K, reserved 1048576K
Event: 6122.930 GC heap after
Heap after GC invocations=24 (full 3):
 PSYoungGen      total 371712K, used 10745K [0x00000000e0000000, 0x00000000f9580000, 0x0000000100000000)
  eden space 360960K, 0% used [0x00000000e0000000,0x00000000e0000000,0x00000000f6080000)
  from space 10752K, 99% used [0x00000000f6d80000,0x00000000f77fe7e8,0x00000000f7800000)
  to   space 27136K, 0% used [0x00000000f7b00000,0x00000000f7b00000,0x00000000f9580000)
 ParOldGen       total 168960K, used 71662K [0x00000000a0000000, 0x00000000aa500000, 0x00000000e0000000)
  object space 168960K, 42% used [0x00000000a0000000,0x00000000a45fb9f8,0x00000000aa500000)
 Metaspace       used 90037K, capacity 95774K, committed 96024K, reserved 1132544K
  class space    used 11399K, capacity 12459K, committed 12584K, reserved 1048576K
}
Event: 6133.657 GC heap before
{Heap before GC invocations=25 (full 3):
 PSYoungGen      total 371712K, used 317600K [0x00000000e0000000, 0x00000000f9580000, 0x0000000100000000)
  eden space 360960K, 85% used [0x00000000e0000000,0x00000000f2ba99c0,0x00000000f6080000)
  from space 10752K, 99% used [0x00000000f6d80000,0x00000000f77fe7e8,0x00000000f7800000)
  to   space 27136K, 0% used [0x00000000f7b00000,0x00000000f7b00000,0x00000000f9580000)
 ParOldGen       total 168960K, used 71662K [0x00000000a0000000, 0x00000000aa500000, 0x00000000e0000000)
  object space 168960K, 42% used [0x00000000a0000000,0x00000000a45fb9f8,0x00000000aa500000)
 Metaspace       used 92616K, capacity 98464K, committed 98584K, reserved 1134592K
  class space    used 11676K, capacity 12744K, committed 12840K, reserved 1048576K
Event: 6133.683 GC heap after
Heap after GC invocations=25 (full 3):
 PSYoungGen      total 360960K, used 12579K [0x00000000e0000000, 0x00000000f8780000, 0x0000000100000000)
  eden space 348160K, 0% used [0x00000000e0000000,0x00000000e0000000,0x00000000f5400000)
  from space 12800K, 98% used [0x00000000f7b00000,0x00000000f8748fe8,0x00000000f8780000)
  to   space 26112K, 0% used [0x00000000f5480000,0x00000000f5480000,0x00000000f6e00000)
 ParOldGen       total 168960K, used 71670K [0x00000000a0000000, 0x00000000aa500000, 0x00000000e0000000)
  object space 168960K, 42% used [0x00000000a0000000,0x00000000a45fd9f8,0x00000000aa500000)
 Metaspace       used 92616K, capacity 98464K, committed 98584K, reserved 1134592K
  class space    used 11676K, capacity 12744K, committed 12840K, reserved 1048576K
}
Event: 6133.683 GC heap before
{Heap before GC invocations=26 (full 4):
 PSYoungGen      total 360960K, used 12579K [0x00000000e0000000, 0x00000000f8780000, 0x0000000100000000)
  eden space 348160K, 0% used [0x00000000e0000000,0x00000000e0000000,0x00000000f5400000)
  from space 12800K, 98% used [0x00000000f7b00000,0x00000000f8748fe8,0x00000000f8780000)
  to   space 26112K, 0% used [0x00000000f5480000,0x00000000f5480000,0x00000000f6e00000)
 ParOldGen       total 168960K, used 71670K [0x00000000a0000000, 0x00000000aa500000, 0x00000000e0000000)
  object space 168960K, 42% used [0x00000000a0000000,0x00000000a45fd9f8,0x00000000aa500000)
 Metaspace       used 92616K, capacity 98464K, committed 98584K, reserved 1134592K
  class space    used 11676K, capacity 12744K, committed 12840K, reserved 1048576K
Event: 6134.058 GC heap after
Heap after GC invocations=26 (full 4):
 PSYoungGen      total 360960K, used 0K [0x00000000e0000000, 0x00000000f8780000, 0x0000000100000000)
  eden space 348160K, 0% used [0x00000000e0000000,0x00000000e0000000,0x00000000f5400000)
  from space 12800K, 0% used [0x00000000f7b00000,0x00000000f7b00000,0x00000000f8780000)
  to   space 26112K, 0% used [0x00000000f5480000,0x00000000f5480000,0x00000000f6e00000)
 ParOldGen       total 168960K, used 49817K [0x00000000a0000000, 0x00000000aa500000, 0x00000000e0000000)
  object space 168960K, 29% used [0x00000000a0000000,0x00000000a30a6790,0x00000000aa500000)
 Metaspace       used 86885K, capacity 90006K, committed 98584K, reserved 1134592K
  class space    used 10749K, capacity 11326K, committed 12840K, reserved 1048576K
}
Event: 6180.362 GC heap before
{Heap before GC invocations=27 (full 4):
 PSYoungGen      total 360960K, used 348160K [0x00000000e0000000, 0x00000000f8780000, 0x0000000100000000)
  eden space 348160K, 100% used [0x00000000e0000000,0x00000000f5400000,0x00000000f5400000)
  from space 12800K, 0% used [0x00000000f7b00000,0x00000000f7b00000,0x00000000f8780000)
  to   space 26112K, 0% used [0x00000000f5480000,0x00000000f5480000,0x00000000f6e00000)
 ParOldGen       total 168960K, used 49817K [0x00000000a0000000, 0x00000000aa500000, 0x00000000e0000000)
  object space 168960K, 29% used [0x00000000a0000000,0x00000000a30a6790,0x00000000aa500000)
 Metaspace       used 92677K, capacity 95912K, committed 99992K, reserved 1136640K
  class space    used 11458K, capacity 12096K, committed 12968K, reserved 1048576K
Event: 6180.388 GC heap after
Heap after GC invocations=27 (full 4):
 PSYoungGen      total 374784K, used 18223K [0x00000000e0000000, 0x00000000f9f00000, 0x0000000100000000)
  eden space 348672K, 0% used [0x00000000e0000000,0x00000000e0000000,0x00000000f5480000)
  from space 26112K, 69% used [0x00000000f5480000,0x00000000f664bf80,0x00000000f6e00000)
  to   space 26624K, 0% used [0x00000000f8500000,0x00000000f8500000,0x00000000f9f00000)
 ParOldGen       total 168960K, used 49825K [0x00000000a0000000, 0x00000000aa500000, 0x00000000e0000000)
  object space 168960K, 29% used [0x00000000a0000000,0x00000000a30a8790,0x00000000aa500000)
 Metaspace       used 92677K, capacity 95912K, committed 99992K, reserved 1136640K
  class space    used 11458K, capacity 12096K, committed 12968K, reserved 1048576K
}

Deoptimization events (10 events):
Event: 6184.174 Thread 0x0000000019c35800 Uncommon trap: reason=unstable_if action=reinterpret pc=0x00000000056ea248 method=com.esotericsoftware.kryo.io.Output.writeString(Ljava/lang/CharSequence;)V @ 50
Event: 6184.534 Thread 0x0000000021daf800 Uncommon trap: reason=null_check action=make_not_entrant pc=0x0000000005409cf0 method=org.gradle.util.DeferredUtil.isNestableDeferred(Ljava/lang/Object;)Z @ 1
Event: 6184.534 Thread 0x0000000021daf800 Uncommon trap: reason=null_check action=make_not_entrant pc=0x000000000540b688 method=org.gradle.util.DeferredUtil.isNestableDeferred(Ljava/lang/Object;)Z @ 1
Event: 6184.627 Thread 0x0000000021dae000 Uncommon trap: reason=unloaded action=reinterpret pc=0x00000000055f407c method=java.util.regex.Pattern.newSlice([IIZ)Ljava/util/regex/Pattern$Node; @ 68
Event: 6184.837 Thread 0x0000000021dad000 Uncommon trap: reason=unstable_if action=reinterpret pc=0x0000000005ea06fc method=com.android.tools.build.jetifier.core.type.TypesMap.mapType(Lcom/android/tools/build/jetifier/core/type/JavaType;)Lcom/android/tools/build/jetifier/core/type/JavaType; @ 30
Event: 6184.837 Thread 0x0000000021dad000 Uncommon trap: reason=unstable_if action=reinterpret pc=0x0000000005eae85c method=com.android.tools.build.jetifier.core.type.TypesMap.mapType(Lcom/android/tools/build/jetifier/core/type/JavaType;)Lcom/android/tools/build/jetifier/core/type/JavaType; @ 30
Event: 6184.838 Thread 0x0000000021dad000 Uncommon trap: reason=unstable_if action=reinterpret pc=0x0000000005e8444c method=com.android.tools.build.jetifier.core.config.Config.isEligibleForRewrite(Lcom/android/tools/build/jetifier/core/type/JavaType;)Z @ 14
Event: 6184.844 Thread 0x0000000021dad000 Uncommon trap: reason=unstable_if action=reinterpret pc=0x000000000457d2d8 method=sun.nio.fs.WindowsPath.compareTo(Ljava/nio/file/Path;)I @ 76
Event: 6184.924 Thread 0x0000000019c31800 Uncommon trap: reason=unstable_if action=reinterpret pc=0x0000000004323560 method=java.nio.Bits.putInt(Ljava/nio/ByteBuffer;IIZ)V @ 1
Event: 6184.947 Thread 0x0000000021dad000 Uncommon trap: reason=unstable_if action=reinterpret pc=0x0000000006078620 method=org.objectweb.asm.Type.getDimensions()I @ 15

Classes redefined (0 events):
No events

Internal exceptions (10 events):
Event: 6184.440 Thread 0x0000000021da4000 Exception <a 'java/lang/NoSuchMethodError': <clinit>> (0x00000000e5b9f230) thrown at [D:\src\AOSP-openjdk-cygwin\jdk8u\hotspot\src\share\vm\prims\jni.cpp, line 1613]
Event: 6184.534 Thread 0x0000000021daf800 Implicit null exception at 0x0000000005409973 to 0x0000000005409ce1
Event: 6184.534 Thread 0x0000000021daf800 Implicit null exception at 0x000000000540b527 to 0x000000000540b679
Event: 6184.573 Thread 0x0000000021dae000 Exception <a 'sun/nio/fs/WindowsException'> (0x00000000e7922bb0) thrown at [D:\src\AOSP-openjdk-cygwin\jdk8u\hotspot\src\share\vm\prims\jni.cpp, line 709]
Event: 6184.629 Thread 0x0000000019c31800 Exception <a 'java/lang/NoSuchMethodError': java.lang.Object.lambda$static$0(Ljava/lang/String;)Z> (0x00000000e718d738) thrown at [D:\src\AOSP-openjdk-cygwin\jdk8u\hotspot\src\share\vm\interpreter\linkResolver.cpp, line 584]
Event: 6184.630 Thread 0x0000000019c31800 Exception <a 'java/lang/NoSuchMethodError': java.lang.Object.lambda$and$0(Ljava/util/function/Predicate;Ljava/lang/Object;)Z> (0x00000000e7193a18) thrown at [D:\src\AOSP-openjdk-cygwin\jdk8u\hotspot\src\share\vm\interpreter\linkResolver.cpp, line 584]
Event: 6184.630 Thread 0x0000000021dae000 Exception <a 'java/lang/NoSuchMethodError': java.lang.Object.lambda$and$0(Ljava/util/function/Predicate;Ljava/lang/Object;)Z> (0x00000000e7aefb60) thrown at [D:\src\AOSP-openjdk-cygwin\jdk8u\hotspot\src\share\vm\interpreter\linkResolver.cpp, line 584]
Event: 6184.681 Thread 0x0000000019c31800 Exception <a 'sun/nio/fs/WindowsException'> (0x00000000e7d4d4d0) thrown at [D:\src\AOSP-openjdk-cygwin\jdk8u\hotspot\src\share\vm\prims\jni.cpp, line 709]
Event: 6184.726 Thread 0x0000000021dae000 Exception <a 'sun/nio/fs/WindowsException'> (0x00000000e824da40) thrown at [D:\src\AOSP-openjdk-cygwin\jdk8u\hotspot\src\share\vm\prims\jni.cpp, line 709]
Event: 6184.994 Thread 0x0000000021daf800 Exception <a 'sun/nio/fs/WindowsException'> (0x00000000eb9ae3b0) thrown at [D:\src\AOSP-openjdk-cygwin\jdk8u\hotspot\src\share\vm\prims\jni.cpp, line 709]

Events (10 events):
Event: 6185.168 loading class com/android/tools/r8/utils/ThreadUtils
Event: 6185.168 loading class com/android/tools/r8/utils/ThreadUtils done
Event: 6185.170 loading class com/android/tools/r8/dex/ApplicationReader$ProgramClassConflictResolver
Event: 6185.170 loading class com/android/tools/r8/dex/ApplicationReader$ProgramClassConflictResolver done
Event: 6185.170 loading class com/android/tools/r8/dex/ApplicationReader$ProgramClassConflictResolver
Event: 6185.170 loading class com/android/tools/r8/dex/ApplicationReader$ProgramClassConflictResolver done
Event: 6185.171 loading class com/android/tools/r8/graph/DirectMappedDexApplication
Event: 6185.171 loading class com/android/tools/r8/graph/DirectMappedDexApplication done
Event: 6185.172 loading class com/android/tools/r8/ir/conversion/IRConverter
Event: 6185.172 loading class com/android/tools/r8/ir/conversion/IRConverter done


Dynamic libraries:
0x00007ff60f160000 - 0x00007ff60f191000 	G:\Program Files\Android\Android Studio\jre\bin\java.exe
0x00007ff85d2c0000 - 0x00007ff85d4a1000 	C:\windows\SYSTEM32\ntdll.dll
0x00007ff85cea0000 - 0x00007ff85cf51000 	C:\windows\System32\KERNEL32.DLL
0x00007ff8598d0000 - 0x00007ff859b43000 	C:\windows\System32\KERNELBASE.dll
0x00007ff85c780000 - 0x00007ff85c821000 	C:\windows\System32\ADVAPI32.dll
0x00007ff85a840000 - 0x00007ff85a8de000 	C:\windows\System32\msvcrt.dll
0x00007ff85c550000 - 0x00007ff85c5ab000 	C:\windows\System32\sechost.dll
0x00007ff85c020000 - 0x00007ff85c144000 	C:\windows\System32\RPCRT4.dll
0x00007ff85be90000 - 0x00007ff85c020000 	C:\windows\System32\USER32.dll
0x00007ff859b50000 - 0x00007ff859b70000 	C:\windows\System32\win32u.dll
0x00007ff85c330000 - 0x00007ff85c358000 	C:\windows\System32\GDI32.dll
0x00007ff859d70000 - 0x00007ff859f01000 	C:\windows\System32\gdi32full.dll
0x00007ff859c70000 - 0x00007ff859d0f000 	C:\windows\System32\msvcp_win.dll
0x00007ff859b70000 - 0x00007ff859c68000 	C:\windows\System32\ucrtbase.dll
0x00007ff849270000 - 0x00007ff8494d9000 	C:\windows\WinSxS\amd64_microsoft.windows.common-controls_6595b64144ccf1df_6.0.17134.885_none_fb42a3473065565f\COMCTL32.dll
0x00007ff85cf60000 - 0x00007ff85d282000 	C:\windows\System32\combase.dll
0x00007ff85a6d0000 - 0x00007ff85a749000 	C:\windows\System32\bcryptPrimitives.dll
0x00007ff85c750000 - 0x00007ff85c77d000 	C:\windows\System32\IMM32.DLL
0x00007ff859560000 - 0x00007ff8595ce000 	C:\windows\System32\dtrampo.dll
0x000000006dd60000 - 0x000000006de32000 	G:\Program Files\Android\Android Studio\jre\jre\bin\msvcr100.dll
0x000000006df60000 - 0x000000006e7a1000 	G:\Program Files\Android\Android Studio\jre\jre\bin\server\jvm.dll
0x00007ff85cc80000 - 0x00007ff85cc88000 	C:\windows\System32\PSAPI.DLL
0x00007ff840580000 - 0x00007ff840589000 	C:\windows\SYSTEM32\WSOCK32.dll
0x00007ff85c470000 - 0x00007ff85c4dc000 	C:\windows\System32\WS2_32.dll
0x00007ff853520000 - 0x00007ff853543000 	C:\windows\SYSTEM32\WINMM.dll
0x00007ff854bb0000 - 0x00007ff854bba000 	C:\windows\SYSTEM32\VERSION.dll
0x00007ff8534f0000 - 0x00007ff85351a000 	C:\windows\SYSTEM32\WINMMBASE.dll
0x0000000002260000 - 0x00000000022a9000 	C:\windows\System32\cfgmgr32.dll
0x00007ff854470000 - 0x00007ff85447f000 	G:\Program Files\Android\Android Studio\jre\jre\bin\verify.dll
0x00007ff852060000 - 0x00007ff852089000 	G:\Program Files\Android\Android Studio\jre\jre\bin\java.dll
0x00007ff852040000 - 0x00007ff852056000 	G:\Program Files\Android\Android Studio\jre\jre\bin\zip.dll
0x0000000017670000 - 0x0000000018ab0000 	C:\windows\System32\SHELL32.dll
0x00007ff85c360000 - 0x00007ff85c409000 	C:\windows\System32\shcore.dll
0x00007ff859fc0000 - 0x00007ff85a6cd000 	C:\windows\System32\windows.storage.dll
0x00007ff85c4e0000 - 0x00007ff85c531000 	C:\windows\System32\shlwapi.dll
0x00007ff859670000 - 0x00007ff859681000 	C:\windows\System32\kernel.appcore.dll
0x00007ff859640000 - 0x00007ff85965f000 	C:\windows\System32\profapi.dll
0x00007ff8595f0000 - 0x00007ff85963c000 	C:\windows\System32\powrprof.dll
0x00007ff859660000 - 0x00007ff85966a000 	C:\windows\System32\FLTLIB.DLL
0x00007ff852020000 - 0x00007ff85203a000 	G:\Program Files\Android\Android Studio\jre\jre\bin\net.dll
0x00007ff858de0000 - 0x00007ff858e46000 	C:\windows\system32\mswsock.dll
0x00007ff852000000 - 0x00007ff852011000 	G:\Program Files\Android\Android Studio\jre\jre\bin\nio.dll
0x00007ff852090000 - 0x00007ff8520ae000 	C:\Users\yiuhet\.gradle\native\25\windows-amd64\native-platform.dll
0x00007ff8520e0000 - 0x00007ff8520ed000 	G:\Program Files\Android\Android Studio\jre\jre\bin\management.dll
0x00007ff858f90000 - 0x00007ff858fa7000 	C:\windows\SYSTEM32\CRYPTSP.dll
0x00007ff8589d0000 - 0x00007ff858a03000 	C:\windows\system32\rsaenh.dll
0x00007ff8590c0000 - 0x00007ff8590e5000 	C:\windows\SYSTEM32\bcrypt.dll
0x00007ff859460000 - 0x00007ff859488000 	C:\windows\SYSTEM32\USERENV.dll
0x00007ff858fb0000 - 0x00007ff858fbb000 	C:\windows\SYSTEM32\CRYPTBASE.dll
0x00007ff858b70000 - 0x00007ff858ba8000 	C:\windows\SYSTEM32\IPHLPAPI.DLL
0x00007ff85aa40000 - 0x00007ff85aa48000 	C:\windows\System32\NSI.dll
0x00007ff855650000 - 0x00007ff855666000 	C:\windows\SYSTEM32\dhcpcsvc6.DLL
0x00007ff855770000 - 0x00007ff85578a000 	C:\windows\SYSTEM32\dhcpcsvc.DLL
0x00007ff851e60000 - 0x00007ff851e84000 	G:\Program Files\Android\Android Studio\jre\jre\bin\sunec.dll
0x00007ff84e5d0000 - 0x00007ff84e6dd000 	C:\WINDOWS\SysWOW64\ierd_tgp_lsp64.dll
0x00007ff85a8e0000 - 0x00007ff85aa31000 	C:\windows\System32\ole32.dll
0x00007ff858bb0000 - 0x00007ff858c6e000 	C:\windows\SYSTEM32\DNSAPI.dll
0x00007ff84f870000 - 0x00007ff84f87a000 	C:\Windows\System32\rasadhlp.dll
0x00007ff853200000 - 0x00007ff853272000 	C:\windows\System32\fwpuclnt.dll
0x00007ff851140000 - 0x00007ff85114b000 	G:\Program Files\Android\Android Studio\jre\jre\bin\sunmscapi.dll
0x00007ff859690000 - 0x00007ff859872000 	C:\windows\System32\CRYPT32.dll
0x00007ff8595d0000 - 0x00007ff8595e2000 	C:\windows\System32\MSASN1.dll

VM Arguments:
jvm_args: -Xmx1536m -Dfile.encoding=GBK -Duser.country=CN -Duser.language=zh -Duser.variant 
java_command: org.gradle.launcher.daemon.bootstrap.GradleDaemon 5.1.1
java_class_path (initial): C:\Users\yiuhet\.gradle\wrapper\dists\gradle-5.1.1-all\97z1ksx6lirer3kbvdnh7jtjg\gradle-5.1.1\lib\gradle-launcher-5.1.1.jar
Launcher Type: SUN_STANDARD

Environment Variables:
PATH=C:\Program Files (x86)\NetSarang\Xshell 6\;C:\Python27\;C:\Python27\Scripts;C:\ProgramData\Oracle\Java\javapath;C:\Windows\system32;C:\Windows;C:\Windows\System32\Wbem;C:\Windows\System32\WindowsPowerShell\v1.0\;C:\Program Files (x86)\NVIDIA Corporation\PhysX\Common;D:\Program Files\Git\cmd;D:\Program Files\Android\Android Studio\jre\jre\bin;C:\windows\system32;C:\windows;C:\windows\System32\Wbem;C:\windows\System32\WindowsPowerShell\v1.0\;D:\Program Files (x86)\Java\jdk1.8.0_121\bin;C:\windows\System32\OpenSSH\;C:\ProgramData\chocolatey\bin;C:\Program Files\nodejs\;C:\Program Files\dotnet\;C:\Users\yiuhet\AppData\Local\Microsoft\WindowsApps;;D:\Users\yiuhet\AppData\Local\Programs\Fiddler;G:\Users\yiuhet\AppData\Local\Programs\Microsoft VS Code\bin;C:\Users\yiuhet\AppData\Roaming\npm;C:\Program Files\JetBrains\WebStorm 2018.3.3\bin;
USERNAME=yiuhet
OS=Windows_NT
PROCESSOR_IDENTIFIER=Intel64 Family 6 Model 94 Stepping 3, GenuineIntel



---------------  S Y S T E M  ---------------

OS: Windows 10.0 , 64 bit Build 17134 (10.0.17134.753)

CPU:total 4 (initial active 4) (4 cores per cpu, 1 threads per core) family 6 model 94 stepping 3, cmov, cx8, fxsr, mmx, sse, sse2, sse3, ssse3, sse4.1, sse4.2, popcnt, avx, avx2, aes, clmul, erms, rtm, 3dnowpref, lzcnt, tsc, tscinvbit, bmi1, bmi2, adx

Memory: 4k page, physical 12418624k(2325940k free), swap 16514624k(5236k free)

vm_info: OpenJDK 64-Bit Server VM (25.152-b01) for windows-amd64 JRE (1.8.0_152-release-1343-b01), built by "builder" with MS VC++ 10.0 (VS2010)

time: Tue Jul 30 17:52:52 2019
elapsed time: 6185 seconds (0d 1h 43m 5s)

